<?xml version="1.0" encoding="UTF-8"?>
<testng-results ignored="0" total="1" passed="1" failed="0" skipped="0">
  <reporter-output>
  </reporter-output>
  <suite started-at="2024-08-01T14:01:07 IST" name="Default suite" finished-at="2024-08-01T14:01:07 IST" duration-ms="57">
    <groups>
    </groups>
    <test started-at="2024-08-01T14:01:07 IST" name="Default test" finished-at="2024-08-01T14:01:07 IST" duration-ms="57">
      <class name="com.ice.apiAutomation.createPayloadTest">
        <test-method signature="Test()[pri:0, instance:com.ice.apiAutomation.createPayloadTest@57d7f8ca]" started-at="2024-08-01T14:01:07 IST" name="Test" finished-at="2024-08-01T14:01:07 IST" duration-ms="16" status="PASS">
          <reporter-output>
          </reporter-output>
        </test-method> <!-- Test -->
      </class> <!-- com.ice.apiAutomation.createPayloadTest -->
    </test> <!-- Default test -->
  </suite> <!-- Default suite -->
</testng-results>
